<?xml version="1.0" encoding="UTF-8"?>
<!-- Generated by org.testng.reporters.JUnitReportReporter -->
<testsuite skipped="0" hostname="VAIO" name="com.restapi.TestScripts.UpdatingCommentToBugTest" tests="1" failures="0" timestamp="10 Sep 2018 13:24:28 GMT" time="0.743" errors="0">
  <testcase name="deletecommenttothebug" time="0.743" classname="com.restapi.TestScripts.UpdatingCommentToBugTest"/>
</testsuite> <!-- com.restapi.TestScripts.UpdatingCommentToBugTest -->
